build/app/outputs/mapping/release/seeds.txt
com.example.swl_teaming.MainActivity: MainActivity()
com.example.swl_teaming.MainActivity
...
me.zhanghai.android.materialprogressbar.internal.DrawableContainerCompat: android.graphics.drawable.Drawable mutate()
androidx.loader.app.LoaderManagerImpl$LoaderViewModel: LoaderManagerImpl$LoaderViewModel()
io.flutter.embedding.android.FlutterSplashView$SavedState: android.os.Bundle splashScreenState
androidx.recyclerview.widget.StaggeredGridLayoutManager$SavedState: android.os.Parcelable$Creator CREATOR
com.google.android.gms.internal.firebase-auth-api.zzhj
com.google.firestore.v1.TransactionOptions: int modeCase_
androidx.recyclerview.widget.RecyclerView: void animateDisappearance(androidx.recyclerview.widget.RecyclerView$ViewHolder,androidx.recyclerview.widget.RecyclerView$ItemAnimator$ItemHolderInfo,androidx.recyclerview.widget.RecyclerView$ItemAnimator$ItemHolderInfo)
com.google.android.gms.internal.firebase-auth-api.zzet: com.google.android.gms.internal.firebase-auth-api.zzet zzb
me.zhanghai.android.materialprogressbar.R$id: int line3
androidx.lifecycle.Lifecycle$Event: androidx.lifecycle.Lifecycle$Event ON_STOP
com.google.android.material.transformation.FabTransformationScrimBehavior
com.google.android.gms.internal.firebase-auth-api.zzgd: int zzf
com.google.android.gms.maps.model.CircleOptions: android.os.Parcelable$Creator CREATOR
me.zhanghai.android.materialprogressbar.internal.DrawableContainerCompat$BlockInvalidateCallback: void invalidateDrawable(android.graphics.drawable.Drawable)
androidx.appcompat.widget.AppCompatTextView: void setBackgroundDrawable(android.graphics.drawable.Drawable)
me.zhanghai.android.materialprogressbar.R$attr: int editTextBackground
com.google.android.material.card.MaterialCardView: void setCheckable(boolean)
io.flutter.view.AccessibilityBridge$Action: io.flutter.view.AccessibilityBridge$Action[] values()
com.google.android.material.textfield.TextInputLayout: void setCounterEnabled(boolean)
me.zhanghai.android.materialprogressbar.R$layout: int abc_activity_chooser_view_list_item
me.zhanghai.android.materialprogressbar.MaterialProgressBar: void setSupportProgressBackgroundTintList(android.content.res.ColorStateList)
androidx.recyclerview.widget.RecyclerView: boolean isNestedScrollingEnabled()
me.zhanghai.android.materialprogressbar.R$styleable: int ListPopupWindow_android_dropDownVerticalOffset
me.zhanghai.android.materialprogressbar.R$style: int TextAppearance_AppCompat_Widget_TextView_SpinnerItem
me.zhanghai.android.materialprogressbar.R$styleable: int RecycleListView_paddingTopNoTitle
com.google.firestore.v1.TargetChange: com.google.protobuf.Timestamp readTime_
me.zhanghai.android.materialprogressbar.R$styleable: int AppCompatTheme_actionBarPopupTheme
io.flutter.embedding.engine.FlutterJNI: void onSurfaceDestroyed()
io.flutter.view.AccessibilityViewEmbedder: java.util.Map originToFlutterId
androidx.fragment.app.FragmentState: android.os.Parcelable$Creator CREATOR
me.zhanghai.android.materialprogressbar.internal.DrawableContainerCompat$DrawableContainerState: int mExitFadeDuration
me.zhanghai.android.materialprogressbar.R$attr: int textAppearanceSearchResultSubtitle
me.zhanghai.android.materialprogressbar.internal.DrawableContainerCompat$DrawableContainerState: int getOpacity()
me.zhanghai.android.materialprogressbar.BaseSingleHorizontalProgressDrawable: void onPreparePaint(android.graphics.Paint)
androidx.appcompat.widget.SearchView: void setOnQueryTextListener(androidx.appcompat.widget.SearchView$OnQueryTextListener)
me.zhanghai.android.materialprogressbar.R$bool: int abc_config_actionMenuItemAllCaps
androidx.recyclerview.widget.RecyclerView: void recoverFocusFromState()
androidx.recyclerview.widget.RecyclerView: boolean dispatchNestedFling(float,float,boolean)
com.google.android.gms.internal.firebase-auth-api.zznu: android.os.Parcelable$Creator CREATOR
me.zhanghai.android.materialprogressbar.IndeterminateHorizontalProgressDrawable$RectTransformX
me.zhanghai.android.materialprogressbar.R$attr: int mpb_indeterminateTint