build/app/outputs/mapping/release/mapping.txt
# compiler: R8
# compiler_version: 2.1.62
# min_api: 20
# pg_map_id: e260bac
# common_typos_disable
...
com.google.firebase.database.core.Path -> com.google.firebase.database.v.l:
    com.google.firebase.database.snapshot.ChildKey[] pieces -> e
    com.google.firebase.database.core.Path EMPTY_PATH -> h
    int start -> f
    int end -> g
    int access$000(com.google.firebase.database.core.Path) -> J
    int access$100(com.google.firebase.database.core.Path) -> K
    com.google.firebase.database.snapshot.ChildKey[] access$200(com.google.firebase.database.core.Path) -> L
    java.util.List asList() -> M
    com.google.firebase.database.core.Path child(com.google.firebase.database.core.Path) -> N
    com.google.firebase.database.core.Path child(com.google.firebase.database.snapshot.ChildKey) -> O
    int compareTo(com.google.firebase.database.core.Path) -> P
    boolean contains(com.google.firebase.database.core.Path) -> Q
    com.google.firebase.database.snapshot.ChildKey getBack() -> R
    com.google.firebase.database.core.Path getEmptyPath() -> S
    com.google.firebase.database.snapshot.ChildKey getFront() -> T
    com.google.firebase.database.core.Path getParent() -> U
    com.google.firebase.database.core.Path getRelative(com.google.firebase.database.core.Path,com.google.firebase.database.core.Path) -> V
    com.google.firebase.database.core.Path popFront() -> W
    java.lang.String wireFormat() -> X
com.google.firebase.database.core.Path$1 -> com.google.firebase.database.v.l$a:
    com.google.firebase.database.core.Path this$0 -> f
    int offset -> e
    com.google.firebase.database.snapshot.ChildKey next() -> c
com.google.firebase.database.core.Platform -> com.google.firebase.database.v.m:
    com.google.firebase.database.core.persistence.PersistenceManager createPersistenceManager(com.google.firebase.database.core.Context,java.lang.String) -> a
    java.lang.String getUserAgent(com.google.firebase.database.core.Context) -> b
    com.google.firebase.database.core.EventTarget newEventTarget(com.google.firebase.database.core.Context) -> c
    java.io.File getSSLCacheDirectory() -> d
    com.google.firebase.database.logging.Logger newLogger(com.google.firebase.database.core.Context,com.google.firebase.database.logging.Logger$Level,java.util.List) -> e
    com.google.firebase.database.connection.PersistentConnection newPersistentConnection(com.google.firebase.database.core.Context,com.google.firebase.database.connection.ConnectionContext,com.google.firebase.database.connection.HostInfo,com.google.firebase.database.connection.PersistentConnection$Delegate) -> f
    com.google.firebase.database.core.RunLoop newRunLoop(com.google.firebase.database.core.Context) -> g