build/app/outputs/mapping/release/usage.txt
com.example.swl_teaming.R$bool
com.example.swl_teaming.R$string
com.example.swl_teaming.R$id
com.example.swl_teaming.R$mipmap
com.example.swl_teaming.R$attr
com.example.swl_teaming.R$drawable
com.example.swl_teaming.R$dimen
com.example.swl_teaming.R$animator
com.example.swl_teaming.R$plurals
com.example.swl_teaming.R$layout
com.example.swl_teaming.R$interpolator
com.example.swl_teaming.R$color
com.example.swl_teaming.R$anim
com.example.swl_teaming.BuildConfig
com.example.swl_teaming.R$xml
com.example.swl_teaming.R$style
com.example.swl_teaming.R
com.example.swl_teaming.R$styleable
com.example.swl_teaming.R$integer
...
com.google.common.collect.MapMakerInternalMap$Strength$2
com.google.common.collect.AbstractMultiset$ElementSet
androidx.core.app.ShareCompat$IntentReader
androidx.annotation.MainThread
com.google.protobuf.DescriptorProtos$FieldOptions
androidx.core.app.BundleCompat$BundleCompatBaseImpl:
    private void <init>()
    private static final java.lang.String TAG
com.firebase.ui.auth.AuthUI$5$1
com.google.android.material.appbar.AppBarLayout$LayoutParams$ScrollFlags
com.squareup.okhttp.Protocol:
    public static com.squareup.okhttp.Protocol get(java.lang.String)
kotlin.sequences.EmptySequence
kotlin.text.StringsKt__StringNumberConversionsJVMKt
com.google.android.material.ripple.RippleDrawableCompat:
    public com.google.android.material.shape.ShapeAppearanceModel getShapeAppearanceModel()
com.google.protobuf.CodedOutputStream$OutOfSpaceException:
    void <init>()
    void <init>(java.lang.String)
    private static final long serialVersionUID
    private static final java.lang.String MESSAGE
com.firebase.ui.auth.viewmodel.smartlock.SmartLockHandler:
    public void saveCredentials(com.google.firebase.auth.FirebaseUser,java.lang.String,java.lang.String)
    private static final java.lang.String TAG
androidx.core.text.BidiFormatter$Builder:
    public void <init>(boolean)
    public void <init>(java.util.Locale)
    public androidx.core.text.BidiFormatter$Builder stereoReset(boolean)
    public androidx.core.text.BidiFormatter$Builder setTextDirectionHeuristic(androidx.core.text.TextDirectionHeuristicCompat)
kotlin.jvm.functions.FunctionN
com.google.firebase.FirebaseOptions$Builder:
    public void <init>(com.google.firebase.FirebaseOptions)
io.grpc.ForwardingServerCallListener
com.google.android.gms.internal.maps.zzab:
    public final java.util.List getPoints()
    public final float getWidth()
    public final int getColor()
    public final float getZIndex()
    public final boolean isVisible()
    public final boolean isGeodesic()
    public final boolean isClickable()
    public final com.google.android.gms.maps.model.Cap getStartCap()
    public final com.google.android.gms.maps.model.Cap getEndCap()
    public final int getJointType()
    public final java.util.List getPattern()
    public final void zze(com.google.android.gms.dynamic.IObjectWrapper)
    public final com.google.android.gms.dynamic.IObjectWrapper zzk()
com.google.android.gms.auth.account.WorkAccount
kotlin.jvm.internal.PropertyReference1
com.google.cloud.audit.RequestMetadataOrBuilder
com.google.api.ConfigChange$Builder
com.google.api.Monitoring
kotlin.UNumbersKt
com.squareup.okhttp.internal.http.CacheStrategy
androidx.core.telephony.mbms.MbmsHelper
com.google.android.material.datepicker.SingleDateSelector$2
com.google.android.gms.internal.firebase-auth-api.zzsp
com.google.firebase.database.R$styleable
com.google.api.MetricDescriptor
com.google.api.HttpRule
javax.annotation.Nonnegative
com.google.common.base.Functions$FunctionComposition
com.google.android.gms.maps.R
com.google.android.gms.common.api.Api$SimpleClient:
    public abstract android.content.Context getContext()
androidx.appcompat.R$interpolator
com.google.protobuf.Struct$FieldsDefaultEntryHolder